# JRE version: Java(TM) SE Runtime Environment (8.0_192-b12) (build 1.8.0_192-b12)
# Java VM: Java HotSpot(TM) 64-Bit Server VM (25.192-b12 mixed mode bsd-amd64 compressed oops)
Heap:
 PSYoungGen      total 71680K, used 44821K [0x0000000795580000, 0x000000079a080000, 0x00000007c0000000)
  eden space 66560K, 59% used [0x0000000795580000,0x0000000797c49270,0x0000000799680000)
  from space 5120K, 99% used [0x0000000799b80000,0x000000079a07c568,0x000000079a080000)
  to   space 5120K, 0% used [0x0000000799680000,0x0000000799680000,0x0000000799b80000)
 ParOldGen       total 161280K, used 149349K [0x0000000740000000, 0x0000000749d80000, 0x0000000795580000)
  object space 161280K, 92% used [0x0000000740000000,0x00000007491d9588,0x0000000749d80000)
 Metaspace       used 12376K, capacity 12549K, committed 12672K, reserved 1060864K
  class space    used 1261K, capacity 1337K, committed 1408K, reserved 1048576K
GC Heap History (8 events):
Event: 2.485 GC heap before
{Heap before GC invocations=1 (full 0):
 PSYoungGen      total 38400K, used 33280K [0x0000000795580000, 0x0000000798000000, 0x00000007c0000000)
  eden space 33280K, 100% used [0x0000000795580000,0x0000000797600000,0x0000000797600000)
  from space 5120K, 0% used [0x0000000797b00000,0x0000000797b00000,0x0000000798000000)
  to   space 5120K, 0% used [0x0000000797600000,0x0000000797600000,0x0000000797b00000)
 ParOldGen       total 87552K, used 0K [0x0000000740000000, 0x0000000745580000, 0x0000000795580000)
  object space 87552K, 0% used [0x0000000740000000,0x0000000740000000,0x0000000745580000)
 Metaspace       used 10652K, capacity 10757K, committed 10880K, reserved 1058816K
  class space    used 1079K, capacity 1145K, committed 1152K, reserved 1048576K
Event: 2.491 GC heap after
Heap after GC invocations=1 (full 0):
 PSYoungGen      total 38400K, used 5108K [0x0000000795580000, 0x0000000798000000, 0x00000007c0000000)
  eden space 33280K, 0% used [0x0000000795580000,0x0000000795580000,0x0000000797600000)
  from space 5120K, 99% used [0x0000000797600000,0x0000000797afd2a0,0x0000000797b00000)
  to   space 5120K, 0% used [0x0000000797b00000,0x0000000797b00000,0x0000000798000000)
 ParOldGen       total 87552K, used 555K [0x0000000740000000, 0x0000000745580000, 0x0000000795580000)
  object space 87552K, 0% used [0x0000000740000000,0x000000074008ac38,0x0000000745580000)
 Metaspace       used 10652K, capacity 10757K, committed 10880K, reserved 1058816K
  class space    used 1079K, capacity 1145K, committed 1152K, reserved 1048576K
}
Event: 5.150 GC heap before
{Heap before GC invocations=2 (full 0):
 PSYoungGen      total 38400K, used 38388K [0x0000000795580000, 0x0000000798000000, 0x00000007c0000000)
  eden space 33280K, 100% used [0x0000000795580000,0x0000000797600000,0x0000000797600000)
  from space 5120K, 99% used [0x0000000797600000,0x0000000797afd2a0,0x0000000797b00000)
  to   space 5120K, 0% used [0x0000000797b00000,0x0000000797b00000,0x0000000798000000)
 ParOldGen       total 87552K, used 555K [0x0000000740000000, 0x0000000745580000, 0x0000000795580000)
  object space 87552K, 0% used [0x0000000740000000,0x000000074008ac38,0x0000000745580000)
 Metaspace       used 12224K, capacity 12389K, committed 12672K, reserved 1060864K
  class space    used 1248K, capacity 1305K, committed 1408K, reserved 1048576K
Event: 5.161 GC heap after
Heap after GC invocations=2 (full 0):
 PSYoungGen      total 38400K, used 5104K [0x0000000795580000, 0x0000000798000000, 0x00000007c0000000)
  eden space 33280K, 0% used [0x0000000795580000,0x0000000795580000,0x0000000797600000)
  from space 5120K, 99% used [0x0000000797b00000,0x0000000797ffc310,0x0000000798000000)
  to   space 5120K, 0% used [0x0000000797600000,0x0000000797600000,0x0000000797b00000)
 ParOldGen       total 87552K, used 6635K [0x0000000740000000, 0x0000000745580000, 0x0000000795580000)
  object space 87552K, 7% used [0x0000000740000000,0x000000074067af80,0x0000000745580000)
 Metaspace       used 12224K, capacity 12389K, committed 12672K, reserved 1060864K
  class space    used 1248K, capacity 1305K, committed 1408K, reserved 1048576K
}
Event: 5.817 GC heap before
{Heap before GC invocations=3 (full 0):
 PSYoungGen      total 38400K, used 38384K [0x0000000795580000, 0x0000000798000000, 0x00000007c0000000)
  eden space 33280K, 100% used [0x0000000795580000,0x0000000797600000,0x0000000797600000)
  from space 5120K, 99% used [0x0000000797b00000,0x0000000797ffc310,0x0000000798000000)
  to   space 5120K, 0% used [0x0000000797600000,0x0000000797600000,0x0000000797b00000)
 ParOldGen       total 87552K, used 6635K [0x0000000740000000, 0x0000000745580000, 0x0000000795580000)
  object space 87552K, 7% used [0x0000000740000000,0x000000074067af80,0x0000000745580000)
 Metaspace       used 12333K, capacity 12485K, committed 12672K, reserved 1060864K
  class space    used 1255K, capacity 1337K, committed 1408K, reserved 1048576K
Event: 5.840 GC heap after
Heap after GC invocations=3 (full 0):
 PSYoungGen      total 38400K, used 5105K [0x0000000795580000, 0x000000079a080000, 0x00000007c0000000)
  eden space 33280K, 0% used [0x0000000795580000,0x0000000795580000,0x0000000797600000)
  from space 5120K, 99% used [0x0000000797600000,0x0000000797afc5b8,0x0000000797b00000)
  to   space 5120K, 0% used [0x0000000799b80000,0x0000000799b80000,0x000000079a080000)
 ParOldGen       total 87552K, used 23292K [0x0000000740000000, 0x0000000745580000, 0x0000000795580000)
  object space 87552K, 26% used [0x0000000740000000,0x00000007416bf100,0x0000000745580000)
 Metaspace       used 12333K, capacity 12485K, committed 12672K, reserved 1060864K
  class space    used 1255K, capacity 1337K, committed 1408K, reserved 1048576K
}
Event: 6.654 GC heap before
{Heap before GC invocations=4 (full 0):
 PSYoungGen      total 38400K, used 26615K [0x0000000795580000, 0x000000079a080000, 0x00000007c0000000)
  eden space 33280K, 64% used [0x0000000795580000,0x0000000796a81858,0x0000000797600000)
  from space 5120K, 99% used [0x0000000797600000,0x0000000797afc5b8,0x0000000797b00000)
  to   space 5120K, 0% used [0x0000000799b80000,0x0000000799b80000,0x000000079a080000)
 ParOldGen       total 87552K, used 23292K [0x0000000740000000, 0x0000000745580000, 0x0000000795580000)
  object space 87552K, 26% used [0x0000000740000000,0x00000007416bf100,0x0000000745580000)
 Metaspace       used 12335K, capacity 12485K, committed 12672K, reserved 1060864K
  class space    used 1255K, capacity 1337K, committed 1408K, reserved 1048576K
Event: 6.676 GC heap after
Heap after GC invocations=4 (full 0):
 PSYoungGen      total 71680K, used 5105K [0x0000000795580000, 0x000000079a080000, 0x00000007c0000000)
  eden space 66560K, 0% used [0x0000000795580000,0x0000000795580000,0x0000000799680000)
  from space 5120K, 99% used [0x0000000799b80000,0x000000079a07c568,0x000000079a080000)
  to   space 5120K, 0% used [0x0000000799680000,0x0000000799680000,0x0000000799b80000)
 ParOldGen       total 87552K, used 34208K [0x0000000740000000, 0x0000000745580000, 0x0000000795580000)
  object space 87552K, 39% used [0x0000000740000000,0x0000000742168338,0x0000000745580000)
 Metaspace       used 12335K, capacity 12485K, committed 12672K, reserved 1060864K
  class space    used 1255K, capacity 1337K, committed 1408K, reserved 1048576K
}

